0: 11 sla5 21
1: 1 gustavo 22
2: 2 geni 20
3: 3 jhonatan 21
4: 4 daniel 50
5: 5 pauarmado 24
6: 6 sla 21
7: 7 sla1 21
8: 8 sla2 21
9: 9 sla3 21
10: 10 sla4 21
0: 11 sla5 21
1: 1 gustavo 22
2: 2 geni 20
3: 3 jhonatan 21
4: 4 daniel 50
5: 5 pauarmado 24
6: 6 sla 21
7: 7 sla1 21
8: 8 sla2 21
9: 9 sla3 21
10: 10 sla4 21
0: 11 sla5 21
1: 1 gustavo 22
2: 2 geni 20
3: 3 jhonatan 21
4: 4 daniel 50
5: 5 pauarmado 24
6: 6 sla 21
7: 7 sla1 21
8: 8 sla2 21
9: 9 sla3 21
10: 10 sla4 21
chave ja existente: 9
0: 11 sla5 21
1: 1 gustavo 22
2: 2 geni 20
3: 3 jhonatan 21
4: 4 daniel 50
5: 5 pauarmado 24
6: 6 sla 21
7: 7 sla1 21
8: 8 sla2 21
9: 9 sla3 21
10: 10 sla4 21
0: 11 sla5 21
1: 1 gustavo 22
2: 2 geni 20
3: 3 jhonatan 21
4: 4 daniel 50
5: 5 pauarmado 24
6: 6 sla 21
7: 7 sla1 21
8: 8 sla2 21
9: 9 sla3 21
10: 10 sla4 21
0: 11 sla5 21
1: 1 gustavo 22
2: 2 geni 20
3: 3 jhonatan 21
4: 4 daniel 50
5: 5 pauarmado 24
6: 6 sla 21
7: 7 sla1 21
8: 8 sla2 21
9: 9 sla3 21
10: 10 sla4 21
0: 11 sla5 21
1: 1 gustavo 22
2: 2 geni 20
3: 3 jhonatan 21
4: 4 daniel 50
5: 5 pauarmado 24
6: 6 sla 21
7: 7 sla1 21
8: 8 sla2 21
9: 9 sla3 21
10: 10 sla4 21
0: 11 sla5 21
1: 1 gustavo 22
2: 2 geni 20
3: 3 jhonatan 21
4: 4 daniel 50
5: 5 pauarmado 24
6: 6 sla 21
7: 7 sla1 21
8: 8 sla2 21
9: 9 sla3 21
10: 10 sla4 21
chave nao encontrada: 70
chave nao encontrada: 20
chave nao encontrada: 42
chave: 1
gustavo
22
0: 11 sla5 21
1: 1 gustavo 22
2: 2 geni 20
3: 3 jhonatan 21
4: 4 daniel 50
5: 5 pauarmado 24
6: 6 sla 21
7: 7 sla1 21
8: 8 sla2 21
9: 9 sla3 21
10: 10 sla4 21
chave nao encontrada: 43
0: 11 sla5 21
1: 1 gustavo 22
2: 2 geni 20
3: 3 jhonatan 21
4: 4 daniel 50
5: 5 pauarmado 24
6: 6 sla 21
7: 7 sla1 21
8: 8 sla2 21
9: 9 sla3 21
10: 10 sla4 21
0: 11 sla5 21
1: 1 gustavo 22
2: 2 geni 20
3: 3 jhonatan 21
4: 4 daniel 50
5: 5 pauarmado 24
6: 6 sla 21
7: 7 sla1 21
8: 8 sla2 21
9: 9 sla3 21
10: 10 sla4 21
0: 11 sla5 21
1: 1 gustavo 22
2: 2 geni 20
3: 3 jhonatan 21
4: 4 daniel 50
5: 5 pauarmado 24
6: 6 sla 21
7: 7 sla1 21
8: 8 sla2 21
9: 9 sla3 21
10: 10 sla4 21
0: 11 sla5 21
1: 1 gustavo 22
2: 2 geni 20
3: 3 jhonatan 21
4: 4 daniel 50
5: 5 pauarmado 24
6: 6 sla 21
7: 7 sla1 21
8: 8 sla2 21
9: 9 sla3 21
10: 10 sla4 21
0: 11 sla5 21
1: 1 gustavo 22
2: 2 geni 20
3: 3 jhonatan 21
4: 4 daniel 50
5: 5 pauarmado 24
6: 6 sla 21
7: 7 sla1 21
8: 8 sla2 21
9: 9 sla3 21
10: 10 sla4 21
0: 11 sla5 21
1: 1 gustavo 22
2: 2 geni 20
3: 3 jhonatan 21
4: 4 daniel 50
5: 5 pauarmado 24
6: 6 sla 21
7: 7 sla1 21
8: 8 sla2 21
9: 9 sla3 21
10: 10 sla4 21
0: 11 sla5 21
1: 1 gustavo 22
2: 2 geni 20
3: 3 jhonatan 21
4: 4 daniel 50
5: 5 pauarmado 24
6: 6 sla 21
7: 7 sla1 21
8: 8 sla2 21
9: 9 sla3 21
10: 10 sla4 21
0: 11 sla5 21
1: 1 gustavo 22
2: 2 geni 20
3: 3 jhonatan 21
4: 4 daniel 50
5: 5 pauarmado 24
6: 6 sla 21
7: 7 sla1 21
8: 8 sla2 21
9: 9 sla3 21
10: 10 sla4 21
0: 11 sla5 21
1: 1 gustavo 22
2: 2 geni 20
3: 3 jhonatan 21
4: 4 daniel 50
5: 5 pauarmado 24
6: 6 sla 21
7: 7 sla1 21
8: 8 sla2 21
9: 9 sla3 21
10: 10 sla4 21
0: 11 sla5 21
1: 1 gustavo 22
2: 2 geni 20
3: 3 jhonatan 21
4: 4 daniel 50
5: 5 pauarmado 24
6: 6 sla 21
7: 7 sla1 21
8: 8 sla2 21
9: 9 sla3 21
10: 10 sla4 21
0: 11 sla5 21
1: 1 gustavo 22
2: 2 geni 20
3: 3 jhonatan 21
4: 4 daniel 50
5: 5 pauarmado 24
6: 6 sla 21
7: 7 sla1 21
8: 8 sla2 21
9: 9 sla3 21
10: 10 sla4 21
0: 11 sla5 21
1: 1 gustavo 22
2: 2 geni 20
3: 3 jhonatan 21
4: 4 daniel 50
5: 5 pauarmado 24
6: 6 sla 21
7: 7 sla1 21
8: 8 sla2 21
9: 9 sla3 21
10: 10 sla4 21
0: 11 sla5 21
1: 1 gustavo 22
2: 2 geni 20
3: 3 jhonatan 21
4: 4 daniel 50
5: 5 pauarmado 24
6: 6 sla 21
7: 7 sla1 21
8: 8 sla2 21
9: 9 sla3 21
10: 10 sla4 21
0: 11 sla5 21
1: 1 gustavo 22
2: 2 geni 20
3: 3 jhonatan 21
4: 4 daniel 50
5: 5 pauarmado 24
6: 6 sla 21
7: 7 sla1 21
8: 8 sla2 21
9: 9 sla3 21
10: 10 sla4 21
0: 11 sla5 21
1: 1 gustavo 22
2: 2 geni 20
3: 3 jhonatan 21
4: 4 daniel 50
5: 5 pauarmado 24
6: 6 sla 21
7: 7 sla1 21
8: 8 sla2 21
9: 9 sla3 21
10: 10 sla4 21
chave: 9
sla3
21
chave nao encontrada: 42
chave nao encontrada: 51
chave nao encontrada: 66
chave nao encontrada: 65
chave nao encontrada: 70
chave nao encontrada: 60
chave nao encontrada: 61
chave nao encontrada: 62
chave nao encontrada: 30
chave: 9
sla3
21
chave nao encontrada: 63
chave nao encontrada: 64
chave: 10
sla4
21
chave nao encontrada: 20
1.0
chave nao encontrada: 30
0: 11 sla5 21
1: 1 gustavo 22
2: 2 geni 20
3: 3 jhonatan 21
4: 4 daniel 50
5: 5 pauarmado 24
6: 6 sla 21
7: 7 sla1 21
8: 8 sla2 21
9: 9 sla3 21
10: vazio
1.0
chave nao encontrada: 62
0: 11 sla5 21
1: 1 gustavo 22
2: 2 geni 20
3: 3 jhonatan 21
4: 4 daniel 50
5: 5 pauarmado 24
6: 6 sla 21
7: 7 sla1 21
8: 8 sla2 21
9: 9 sla3 21
10: vazio
1.0
chave nao encontrada: 64
0: 11 sla5 21
1: 1 gustavo 22
2: 2 geni 20
3: 3 jhonatan 21
4: 4 daniel 50
5: 5 pauarmado 24
6: 6 sla 21
7: 7 sla1 21
8: 8 sla2 21
9: 9 sla3 21
10: vazio
1.0
chave nao encontrada: 63
0: 11 sla5 21
1: 1 gustavo 22
2: 2 geni 20
3: 3 jhonatan 21
4: 4 daniel 50
5: 5 pauarmado 24
6: 6 sla 21
7: 7 sla1 21
8: 8 sla2 21
9: 9 sla3 21
10: vazio
1.0
chave nao encontrada: 63
0: 11 sla5 21
1: 1 gustavo 22
2: 2 geni 20
3: 3 jhonatan 21
4: 4 daniel 50
5: 5 pauarmado 24
6: 6 sla 21
7: 7 sla1 21
8: 8 sla2 21
9: 9 sla3 21
10: vazio
1.0
chave nao encontrada: 63
0: 11 sla5 21
1: 1 gustavo 22
2: 2 geni 20
3: 3 jhonatan 21
4: 4 daniel 50
5: 5 pauarmado 24
6: 6 sla 21
7: 7 sla1 21
8: 8 sla2 21
9: 9 sla3 21
10: 33 Novo nome 90
1.6
chave nao encontrada: 66
0: 11 sla5 21
1: 1 gustavo 22
2: 2 geni 20
3: 3 jhonatan 21
4: 4 daniel 50
5: 5 pauarmado 24
6: 6 sla 21
7: 7 sla1 21
8: 8 sla2 21
9: 9 sla3 21
10: 33 Novo nome 90
1.6
chave: 33
Novo nome
90
chave nao encontrada: 60
0: 11 sla5 21
1: 1 gustavo 22
2: 2 geni 20
3: 3 jhonatan 21
4: 4 daniel 50
5: 5 pauarmado 24
6: 6 sla 21
7: 7 sla1 21
8: 8 sla2 21
9: 9 sla3 21
10: 33 Novo nome 90
1.6
chave nao encontrada: 61
0: 11 sla5 21
1: 1 gustavo 22
2: 2 geni 20
3: 3 jhonatan 21
4: 4 daniel 50
5: 5 pauarmado 24
6: 6 sla 21
7: 7 sla1 21
8: 8 sla2 21
9: 9 sla3 21
10: 33 Novo nome 90
1.6
0: 11 sla5 21
1: 1 gustavo 22
2: 2 geni 20
3: 3 jhonatan 21
4: 4 daniel 50
5: 5 pauarmado 24
6: 6 sla 21
7: 7 sla1 21
8: 8 sla2 21
9: vazio
10: 33 Novo nome 90
1.7
chave nao encontrada: 42
chave nao encontrada: 9
chave nao encontrada: 70
chave: 33
Novo nome
90
chave nao encontrada: 66
0: 11 sla5 21
1: 1 gustavo 22
2: 2 geni 20
3: 3 jhonatan 21
4: 4 daniel 50
5: 5 pauarmado 24
6: 6 sla 21
7: 7 sla1 21
8: 8 sla2 21
9: vazio
10: 33 Novo nome 90
1.7
chave ja existente: 33
2.5
0: 11 sla5 21
1: 1 gustavo 22
2: 2 geni 20
3: 3 jhonatan 21
4: 4 daniel 50
5: 5 pauarmado 24
6: 6 sla 21
7: 7 sla1 21
8: 8 sla2 21
9: 70 Esse tbm 80
10: 33 Novo nome 90
2.5
0: 11 sla5 21
1: 1 gustavo 22
2: 2 geni 20
3: 3 jhonatan 21
4: 4 daniel 50
5: 5 pauarmado 24
6: 6 sla 21
7: 7 sla1 21
8: 8 sla2 21
9: 70 Esse tbm 80
10: 33 Novo nome 90
2.5
chave: 33
Novo nome
90
0: 11 sla5 21
1: 1 gustavo 22
2: 2 geni 20
3: 3 jhonatan 21
4: 4 daniel 50
5: 5 pauarmado 24
6: 6 sla 21
7: 7 sla1 21
8: 8 sla2 21
9: 70 Esse tbm 80
10: vazio
2.0
chave nao encontrada: 36
chave nao encontrada: 36
0: 11 sla5 21
1: 1 gustavo 22
2: 2 geni 20
3: 3 jhonatan 21
4: 4 daniel 50
5: 5 pauarmado 24
6: 6 sla 21
7: 7 sla1 21
8: 8 sla2 21
9: 70 Esse tbm 80
10: vazio
2.0
chave nao encontrada: 65
0: 11 sla5 21
1: 1 gustavo 22
2: 2 geni 20
3: 3 jhonatan 21
4: 4 daniel 50
5: 5 pauarmado 24
6: 6 sla 21
7: 7 sla1 21
8: 8 sla2 21
9: 70 Esse tbm 80
10: vazio
2.0
0: 11 sla5 21
1: 1 gustavo 22
2: 2 geni 20
3: 3 jhonatan 21
4: 4 daniel 50
5: 5 pauarmado 24
6: 6 sla 21
7: 7 sla1 21
8: 8 sla2 21
9: vazio
10: vazio
1.0
chave nao encontrada: 64
chave nao encontrada: 42
chave nao encontrada: 64
0: 11 sla5 21
1: 1 gustavo 22
2: 2 geni 20
3: 3 jhonatan 21
4: 4 daniel 50
5: 5 pauarmado 24
6: 6 sla 21
7: 7 sla1 21
8: 8 sla2 21
9: vazio
10: vazio
1.0
chave nao encontrada: 9
0: 11 sla5 21
1: 1 gustavo 22
2: 2 geni 20
3: 3 jhonatan 21
4: 4 daniel 50
5: 5 pauarmado 24
6: 6 sla 21
7: 7 sla1 21
8: 8 sla2 21
9: vazio
10: vazio
1.0
chave nao encontrada: 42
0: 11 sla5 21
1: 1 gustavo 22
2: 2 geni 20
3: 3 jhonatan 21
4: 4 daniel 50
5: 5 pauarmado 24
6: 6 sla 21
7: 7 sla1 21
8: 8 sla2 21
9: vazio
10: vazio
0: 11 sla5 21
1: 1 gustavo 22
2: 2 geni 20
3: 3 jhonatan 21
4: 4 daniel 50
5: 5 pauarmado 24
6: 6 sla 21
7: 7 sla1 21
8: 8 sla2 21
9: 42 nomemuitograndevinte 900
10: vazio
1.0
0: 11 sla5 21
1: 1 gustavo 22
2: 2 geni 20
3: 3 jhonatan 21
4: 4 daniel 50
5: 5 pauarmado 24
6: 6 sla 21
7: 7 sla1 21
8: 8 sla2 21
9: vazio
10: vazio
0: 11 sla5 21
1: 1 gustavo 22
2: 2 geni 20
3: 3 jhonatan 21
4: 4 daniel 50
5: 5 pauarmado 24
6: 6 sla 21
7: 7 sla1 21
8: 8 sla2 21
9: vazio
10: 10 nomemuitograndevinte 800
1.0
0: 11 sla5 21
1: 1 gustavo 22
2: 2 geni 20
3: 3 jhonatan 21
4: 4 daniel 50
5: 5 pauarmado 24
6: 6 sla 21
7: 7 sla1 21
8: 8 sla2 21
9: vazio
10: vazio
